<?xml version="1.0" encoding="UTF-8"?>
<testsuite name="com.virtuslab.internship.InternshipApplicationTests" tests="1" skipped="0" failures="0" errors="0" timestamp="2022-04-20T17:41:26" hostname="DESKTOP-VNIGKJI" time="0.39">
  <properties/>
  <testcase name="contextLoads()" classname="com.virtuslab.internship.InternshipApplicationTests" time="0.39"/>
  <system-out><![CDATA[19:41:24.205 [Test worker] DEBUG org.springframework.test.context.BootstrapUtils - Instantiating CacheAwareContextLoaderDelegate from class [org.springframework.test.context.cache.DefaultCacheAwareContextLoaderDelegate]
19:41:24.214 [Test worker] DEBUG org.springframework.test.context.BootstrapUtils - Instantiating BootstrapContext using constructor [public org.springframework.test.context.support.DefaultBootstrapContext(java.lang.Class,org.springframework.test.context.CacheAwareContextLoaderDelegate)]
19:41:24.240 [Test worker] DEBUG org.springframework.test.context.BootstrapUtils - Instantiating TestContextBootstrapper for test class [com.virtuslab.internship.InternshipApplicationTests] from class [org.springframework.boot.test.context.SpringBootTestContextBootstrapper]
19:41:24.248 [Test worker] INFO org.springframework.boot.test.context.SpringBootTestContextBootstrapper - Neither @ContextConfiguration nor @ContextHierarchy found for test class [com.virtuslab.internship.InternshipApplicationTests], using SpringBootContextLoader
19:41:24.252 [Test worker] DEBUG org.springframework.test.context.support.AbstractContextLoader - Did not detect default resource location for test class [com.virtuslab.internship.InternshipApplicationTests]: class path resource [com/virtuslab/internship/InternshipApplicationTests-context.xml] does not exist
19:41:24.252 [Test worker] DEBUG org.springframework.test.context.support.AbstractContextLoader - Did not detect default resource location for test class [com.virtuslab.internship.InternshipApplicationTests]: class path resource [com/virtuslab/internship/InternshipApplicationTestsContext.groovy] does not exist
19:41:24.253 [Test worker] INFO org.springframework.test.context.support.AbstractContextLoader - Could not detect default resource locations for test class [com.virtuslab.internship.InternshipApplicationTests]: no resource found for suffixes {-context.xml, Context.groovy}.
19:41:24.253 [Test worker] INFO org.springframework.test.context.support.AnnotationConfigContextLoaderUtils - Could not detect default configuration classes for test class [com.virtuslab.internship.InternshipApplicationTests]: InternshipApplicationTests does not declare any static, non-private, non-final, nested classes annotated with @Configuration.
19:41:24.287 [Test worker] DEBUG org.springframework.test.context.support.ActiveProfilesUtils - Could not find an 'annotation declaring class' for annotation type [org.springframework.test.context.ActiveProfiles] and class [com.virtuslab.internship.InternshipApplicationTests]
19:41:24.336 [Test worker] DEBUG org.springframework.context.annotation.ClassPathScanningCandidateComponentProvider - Identified candidate component class: file [C:\internship\build\classes\java\main\com\virtuslab\internship\InternshipApplication.class]
19:41:24.336 [Test worker] INFO org.springframework.boot.test.context.SpringBootTestContextBootstrapper - Found @SpringBootConfiguration com.virtuslab.internship.InternshipApplication for test class com.virtuslab.internship.InternshipApplicationTests
19:41:24.418 [Test worker] DEBUG org.springframework.boot.test.context.SpringBootTestContextBootstrapper - @TestExecutionListeners is not present for class [com.virtuslab.internship.InternshipApplicationTests]: using defaults.
19:41:24.418 [Test worker] INFO org.springframework.boot.test.context.SpringBootTestContextBootstrapper - Loaded default TestExecutionListener class names from location [META-INF/spring.factories]: [org.springframework.boot.test.autoconfigure.restdocs.RestDocsTestExecutionListener, org.springframework.boot.test.autoconfigure.web.client.MockRestServiceServerResetTestExecutionListener, org.springframework.boot.test.autoconfigure.web.servlet.MockMvcPrintOnlyOnFailureTestExecutionListener, org.springframework.boot.test.autoconfigure.web.servlet.WebDriverTestExecutionListener, org.springframework.boot.test.autoconfigure.webservices.client.MockWebServiceServerTestExecutionListener, org.springframework.boot.test.mock.mockito.MockitoTestExecutionListener, org.springframework.boot.test.mock.mockito.ResetMocksTestExecutionListener, org.springframework.test.context.web.ServletTestExecutionListener, org.springframework.test.context.support.DirtiesContextBeforeModesTestExecutionListener, org.springframework.test.context.event.ApplicationEventsTestExecutionListener, org.springframework.test.context.support.DependencyInjectionTestExecutionListener, org.springframework.test.context.support.DirtiesContextTestExecutionListener, org.springframework.test.context.transaction.TransactionalTestExecutionListener, org.springframework.test.context.jdbc.SqlScriptsTestExecutionListener, org.springframework.test.context.event.EventPublishingTestExecutionListener]
19:41:24.433 [Test worker] INFO org.springframework.boot.test.context.SpringBootTestContextBootstrapper - Using TestExecutionListeners: [org.springframework.test.context.web.ServletTestExecutionListener@2a3591c5, org.springframework.test.context.support.DirtiesContextBeforeModesTestExecutionListener@34a75079, org.springframework.test.context.event.ApplicationEventsTestExecutionListener@346a361, org.springframework.boot.test.mock.mockito.MockitoTestExecutionListener@107ed6fc, org.springframework.boot.test.autoconfigure.SpringBootDependencyInjectionTestExecutionListener@1643d68f, org.springframework.test.context.support.DirtiesContextTestExecutionListener@186978a6, org.springframework.test.context.transaction.TransactionalTestExecutionListener@2e029d61, org.springframework.test.context.jdbc.SqlScriptsTestExecutionListener@482d776b, org.springframework.test.context.event.EventPublishingTestExecutionListener@4052274f, org.springframework.boot.test.autoconfigure.restdocs.RestDocsTestExecutionListener@132ddbab, org.springframework.boot.test.autoconfigure.web.client.MockRestServiceServerResetTestExecutionListener@297ea53a, org.springframework.boot.test.autoconfigure.web.servlet.MockMvcPrintOnlyOnFailureTestExecutionListener@acb0951, org.springframework.boot.test.autoconfigure.web.servlet.WebDriverTestExecutionListener@5bf22f18, org.springframework.boot.test.autoconfigure.webservices.client.MockWebServiceServerTestExecutionListener@267f474e, org.springframework.boot.test.mock.mockito.ResetMocksTestExecutionListener@7a7471ce]
19:41:24.436 [Test worker] DEBUG org.springframework.test.context.support.AbstractDirtiesContextTestExecutionListener - Before test class: context [DefaultTestContext@3faf2e7d testClass = InternshipApplicationTests, testInstance = [null], testMethod = [null], testException = [null], mergedContextConfiguration = [WebMergedContextConfiguration@4648ce9 testClass = InternshipApplicationTests, locations = '{}', classes = '{class com.virtuslab.internship.InternshipApplication}', contextInitializerClasses = '[]', activeProfiles = '{}', propertySourceLocations = '{}', propertySourceProperties = '{org.springframework.boot.test.context.SpringBootTestContextBootstrapper=true}', contextCustomizers = set[org.springframework.boot.test.autoconfigure.actuate.metrics.MetricsExportContextCustomizerFactory$DisableMetricExportContextCustomizer@4426bff1, org.springframework.boot.test.autoconfigure.properties.PropertyMappingContextCustomizer@0, org.springframework.boot.test.autoconfigure.web.servlet.WebDriverContextCustomizerFactory$Customizer@4ed5eb72, org.springframework.boot.test.context.filter.ExcludeFilterContextCustomizer@40db2a24, org.springframework.boot.test.json.DuplicateJsonObjectContextCustomizerFactory$DuplicateJsonObjectContextCustomizer@ee86bcb, org.springframework.boot.test.mock.mockito.MockitoContextCustomizer@0, org.springframework.boot.test.web.client.TestRestTemplateContextCustomizer@344f4dea, org.springframework.boot.test.context.SpringBootTestArgs@1, org.springframework.boot.test.context.SpringBootTestWebEnvironment@2fd1433e], resourceBasePath = 'src/main/webapp', contextLoader = 'org.springframework.boot.test.context.SpringBootContextLoader', parent = [null]], attributes = map['org.springframework.test.context.web.ServletTestExecutionListener.activateListener' -> true]], class annotated with @DirtiesContext [false] with mode [null].

  .   ____          _            __ _ _
 /\\ / ___'_ __ _ _(_)_ __  __ _ \ \ \ \
( ( )\___ | '_ | '_| | '_ \/ _` | \ \ \ \
 \\/  ___)| |_)| | | | | || (_| |  ) ) ) )
  '  |____| .__|_| |_|_| |_\__, | / / / /
 =========|_|==============|___/=/_/_/_/
 :: Spring Boot ::                (v2.6.6)

2022-04-20 19:41:24.658  INFO 22768 --- [    Test worker] c.v.i.InternshipApplicationTests         : Starting InternshipApplicationTests using Java 17.0.2 on DESKTOP-VNIGKJI with PID 22768 (started by Maciek in C:\internship)
2022-04-20 19:41:24.659  INFO 22768 --- [    Test worker] c.v.i.InternshipApplicationTests         : No active profile set, falling back to 1 default profile: "default"
2022-04-20 19:41:26.163  INFO 22768 --- [    Test worker] c.v.i.InternshipApplicationTests         : Started InternshipApplicationTests in 1.697 seconds (JVM running for 2.509)
]]></system-out>
  <system-err><![CDATA[]]></system-err>
</testsuite>
